Using pre-set license
Built from '2020.3/staging' branch; Version is '2020.3.0f1 (c7b5465681fb) revision 13088070'; Using compiler version '192528614'; Build Type 'Release'
OS: 'Windows 7  (6.1.0) 64bit' Language: 'en' Physical Memory: 5882 MB
BatchMode: 1, IsHumanControllingUs: 0, StartBugReporterOnCrash: 0, Is64bit: 1, IsPro: 0

 COMMAND LINE ARGUMENTS:
C:\Program Files\Unity\unity 2020\Unity\Editor\Unity.exe
-adb2
-batchMode
-noUpm
-name
AssetImportWorker5
-projectPath
C:/Users/rasoul/Documents/UnityProjects/battleMagicGround/battleMagicGround
-logFile
Logs/AssetImportWorker5.log
-srvPort
49204
Successfully changed project path to: C:/Users/rasoul/Documents/UnityProjects/battleMagicGround/battleMagicGround
C:/Users/rasoul/Documents/UnityProjects/battleMagicGround/battleMagicGround
Using Asset Import Pipeline V2.
Refreshing native plugins compatible for Editor in 172.15 ms, found 0 plugins.
Preloading 0 native plugins for Editor in 0.00 ms.
Initialize engine version: 2020.3.0f1 (c7b5465681fb)
[Subsystems] Discovering subsystems at path C:/Program Files/Unity/unity 2020/Unity/Editor/Data/Resources/UnitySubsystems
[Subsystems] Discovering subsystems at path C:/Users/rasoul/Documents/UnityProjects/battleMagicGround/battleMagicGround/Assets
GfxDevice: creating device client; threaded=0
d3d11: CreateDXGIFactory2(...) not found, fallbacking to CreateDXGIFactory1(...).
d3d11: QueryInterface(IDXGIFactory5) failed (80004002).
Direct3D:
    Version:  Direct3D 11.0 [level 11.0]
    Renderer: ATI Mobility Radeon HD 5650 (ID=0x68c1)
    Vendor:   
    VRAM:     1012 MB
    Driver:   8.712.1.2000
Initialize mono
Mono path[0] = 'C:/Program Files/Unity/unity 2020/Unity/Editor/Data/Managed'
Mono path[1] = 'C:/Program Files/Unity/unity 2020/Unity/Editor/Data/MonoBleedingEdge/lib/mono/unityjit'
Mono config path = 'C:/Program Files/Unity/unity 2020/Unity/Editor/Data/MonoBleedingEdge/etc'
Using monoOptions --debugger-agent=transport=dt_socket,embedding=1,server=y,suspend=n,address=127.0.0.1:56536
Begin MonoManager ReloadAssembly
Registering precompiled unity dll's ...
Register platform support module: C:/Program Files/Unity/unity 2020/Unity/Editor/Data/PlaybackEngines/WindowsStandaloneSupport/UnityEditor.WindowsStandalone.Extensions.dll
Registered in 0.005593 seconds.
Native extension for WindowsStandalone target not found
Refreshing native plugins compatible for Editor in 184.12 ms, found 0 plugins.
Preloading 0 native plugins for Editor in 0.00 ms.
Invoked RoslynAnalysisRunner static constructor.
RoslynAnalysisRunner will not be running.
RoslynAnalysisRunner has terminated.
Mono: successfully reloaded assembly
- Completed reload, in  2.804 seconds
Platform modules already initialized, skipping
Registering precompiled user dll's ...
Registered in 0.004215 seconds.
Begin MonoManager ReloadAssembly
Native extension for WindowsStandalone target not found
Refreshing native plugins compatible for Editor in 216.46 ms, found 0 plugins.
Preloading 0 native plugins for Editor in 0.00 ms.
Invoked RoslynAnalysisRunner static constructor.
RoslynAnalysisRunner will not be running.
RoslynAnalysisRunner has terminated.
Mono: successfully reloaded assembly
- Completed reload, in  3.496 seconds
Platform modules already initialized, skipping
========================================================================
Worker process is ready to serve import requests
Shader 'Universal Render Pipeline/Particles/Lit': fallback shader 'Universal Render Pipeline/Particles/SimpleLit' not found
Shader 'Universal Render Pipeline/Particles/Lit': fallback shader 'Universal Render Pipeline/Particles/SimpleLit' not found
Launched and connected shader compiler UnityShaderCompiler.exe after 0.35 seconds
Refreshing native plugins compatible for Editor in 1.13 ms, found 0 plugins.
Preloading 0 native plugins for Editor in 0.00 ms.
Unloading 2590 Unused Serialized files (Serialized files now loaded: 0)
System memory in use before: 118.7 MB.
System memory in use after: 116.5 MB.

Unloading 47 unused Assets to reduce memory usage. Loaded Objects now: 3002.
Total: 20.510283 ms (FindLiveObjects: 1.791827 ms CreateObjectMapping: 0.848949 ms MarkObjects: 10.803314 ms  DeleteObjects: 7.059007 ms)

========================================================================
Received Import Request.
  path: Assets/Prefabs/Player/Player Projectile.prefab
  artifactKey: Guid(8c520f4fcb63ecd4e9d942d4cb7f68af) Importer(815301076,1909f56bfc062723c751e8b465ee728b)
Start importing Assets/Prefabs/Player/Player Projectile.prefab using Guid(8c520f4fcb63ecd4e9d942d4cb7f68af) Importer(815301076,1909f56bfc062723c751e8b465ee728b)  -> (artifact id: 'd3777ce827b10b95dbe2db55926cfc58') in 1.343991 seconds
  Import took 1.388736 seconds .

========================================================================
Received Prepare
Registering precompiled user dll's ...
Registered in 0.002463 seconds.
Begin MonoManager ReloadAssembly
Native extension for WindowsStandalone target not found
Refreshing native plugins compatible for Editor in 1.32 ms, found 0 plugins.
Preloading 0 native plugins for Editor in 0.00 ms.
Invoked RoslynAnalysisRunner static constructor.
RoslynAnalysisRunner will not be running.
RoslynAnalysisRunner has terminated.
Mono: successfully reloaded assembly
- Completed reload, in  2.984 seconds
Platform modules already initialized, skipping
Shader 'Universal Render Pipeline/Particles/Lit': fallback shader 'Universal Render Pipeline/Particles/SimpleLit' not found
Shader 'Universal Render Pipeline/Particles/Lit': fallback shader 'Universal Render Pipeline/Particles/SimpleLit' not found
Refreshing native plugins compatible for Editor in 1.27 ms, found 0 plugins.
Preloading 0 native plugins for Editor in 0.00 ms.
Unloading 2513 Unused Serialized files (Serialized files now loaded: 0)
System memory in use before: 120.7 MB.
System memory in use after: 118.5 MB.

Unloading 42 unused Assets to reduce memory usage. Loaded Objects now: 3051.
Total: 11.166196 ms (FindLiveObjects: 1.079921 ms CreateObjectMapping: 0.493766 ms MarkObjects: 6.035546 ms  DeleteObjects: 3.553371 ms)

========================================================================
Received Prepare
Registering precompiled user dll's ...
Registered in 0.002413 seconds.
Begin MonoManager ReloadAssembly
Native extension for WindowsStandalone target not found
Refreshing native plugins compatible for Editor in 1.42 ms, found 0 plugins.
Preloading 0 native plugins for Editor in 0.00 ms.
Invoked RoslynAnalysisRunner static constructor.
RoslynAnalysisRunner will not be running.
RoslynAnalysisRunner has terminated.
Mono: successfully reloaded assembly
- Completed reload, in  2.707 seconds
Platform modules already initialized, skipping
Shader 'Universal Render Pipeline/Particles/Lit': fallback shader 'Universal Render Pipeline/Particles/SimpleLit' not found
Shader 'Universal Render Pipeline/Particles/Lit': fallback shader 'Universal Render Pipeline/Particles/SimpleLit' not found
Refreshing native plugins compatible for Editor in 1.22 ms, found 0 plugins.
Preloading 0 native plugins for Editor in 0.00 ms.
Unloading 2513 Unused Serialized files (Serialized files now loaded: 0)
System memory in use before: 120.8 MB.
System memory in use after: 118.6 MB.

Unloading 42 unused Assets to reduce memory usage. Loaded Objects now: 3054.
Total: 11.308886 ms (FindLiveObjects: 0.974187 ms CreateObjectMapping: 0.479395 ms MarkObjects: 5.610045 ms  DeleteObjects: 4.241153 ms)

========================================================================
Received Import Request.
  Time since last request: 156.107485 seconds.
  path: Assets/Prefabs/Player/Player Projectile.prefab
  artifactKey: Guid(8c520f4fcb63ecd4e9d942d4cb7f68af) Importer(815301076,1909f56bfc062723c751e8b465ee728b)
Start importing Assets/Prefabs/Player/Player Projectile.prefab using Guid(8c520f4fcb63ecd4e9d942d4cb7f68af) Importer(815301076,1909f56bfc062723c751e8b465ee728b)  -> (artifact id: 'f992b4f0ba68691d3c1ccb93d7ccc477') in 0.533033 seconds
  Import took 0.561030 seconds .

========================================================================
Received Import Request.
  Time since last request: 8.669900 seconds.
  path: Assets/Prefabs/Player/Player Projectile.prefab
  artifactKey: Guid(8c520f4fcb63ecd4e9d942d4cb7f68af) Importer(815301076,1909f56bfc062723c751e8b465ee728b)
Start importing Assets/Prefabs/Player/Player Projectile.prefab using Guid(8c520f4fcb63ecd4e9d942d4cb7f68af) Importer(815301076,1909f56bfc062723c751e8b465ee728b)  -> (artifact id: '06fba2d3256ea6c787330520914b9298') in 0.028753 seconds
  Import took 0.047962 seconds .

========================================================================
Received Import Request.
  Time since last request: 0.546173 seconds.
  path: Assets/Prefabs/Player/Player Projectile.prefab
  artifactKey: Guid(8c520f4fcb63ecd4e9d942d4cb7f68af) Importer(815301076,1909f56bfc062723c751e8b465ee728b)
Start importing Assets/Prefabs/Player/Player Projectile.prefab using Guid(8c520f4fcb63ecd4e9d942d4cb7f68af) Importer(815301076,1909f56bfc062723c751e8b465ee728b)  -> (artifact id: '1f7073ed9840f4e20fd3a058c9cd3142') in 0.036549 seconds
  Import took 0.066435 seconds .

========================================================================
Received Prepare
Registering precompiled user dll's ...
Registered in 0.002700 seconds.
Begin MonoManager ReloadAssembly
Native extension for WindowsStandalone target not found
Refreshing native plugins compatible for Editor in 2.22 ms, found 0 plugins.
Preloading 0 native plugins for Editor in 0.00 ms.
Invoked RoslynAnalysisRunner static constructor.
RoslynAnalysisRunner will not be running.
RoslynAnalysisRunner has terminated.
Mono: successfully reloaded assembly
- Completed reload, in  2.869 seconds
Platform modules already initialized, skipping
Shader 'Universal Render Pipeline/Particles/Lit': fallback shader 'Universal Render Pipeline/Particles/SimpleLit' not found
Shader 'Universal Render Pipeline/Particles/Lit': fallback shader 'Universal Render Pipeline/Particles/SimpleLit' not found
Refreshing native plugins compatible for Editor in 1.60 ms, found 0 plugins.
Preloading 0 native plugins for Editor in 0.00 ms.
Unloading 2513 Unused Serialized files (Serialized files now loaded: 0)
System memory in use before: 121.0 MB.
System memory in use after: 118.7 MB.

Unloading 42 unused Assets to reduce memory usage. Loaded Objects now: 3093.
Total: 21.203198 ms (FindLiveObjects: 1.728181 ms CreateObjectMapping: 0.886931 ms MarkObjects: 11.168250 ms  DeleteObjects: 7.409057 ms)

========================================================================
Received Prepare
Registering precompiled user dll's ...
Registered in 0.002645 seconds.
Begin MonoManager ReloadAssembly
Native extension for WindowsStandalone target not found
Refreshing native plugins compatible for Editor in 1.31 ms, found 0 plugins.
Preloading 0 native plugins for Editor in 0.00 ms.
Invoked RoslynAnalysisRunner static constructor.
RoslynAnalysisRunner will not be running.
RoslynAnalysisRunner has terminated.
Mono: successfully reloaded assembly
- Completed reload, in  2.987 seconds
Platform modules already initialized, skipping
Shader 'Universal Render Pipeline/Particles/Lit': fallback shader 'Universal Render Pipeline/Particles/SimpleLit' not found
Shader 'Universal Render Pipeline/Particles/Lit': fallback shader 'Universal Render Pipeline/Particles/SimpleLit' not found
Refreshing native plugins compatible for Editor in 1.19 ms, found 0 plugins.
Preloading 0 native plugins for Editor in 0.00 ms.
Unloading 2513 Unused Serialized files (Serialized files now loaded: 0)
System memory in use before: 121.0 MB.
System memory in use after: 118.7 MB.

Unloading 42 unused Assets to reduce memory usage. Loaded Objects now: 3096.
Total: 11.713343 ms (FindLiveObjects: 1.381211 ms CreateObjectMapping: 0.720118 ms MarkObjects: 6.020148 ms  DeleteObjects: 3.586220 ms)

========================================================================
Received Prepare
Registering precompiled user dll's ...
Registered in 0.002430 seconds.
Begin MonoManager ReloadAssembly
Native extension for WindowsStandalone target not found
Refreshing native plugins compatible for Editor in 1.20 ms, found 0 plugins.
Preloading 0 native plugins for Editor in 0.00 ms.
Invoked RoslynAnalysisRunner static constructor.
RoslynAnalysisRunner will not be running.
RoslynAnalysisRunner has terminated.
Mono: successfully reloaded assembly
- Completed reload, in  2.770 seconds
Platform modules already initialized, skipping
Shader 'Universal Render Pipeline/Particles/Lit': fallback shader 'Universal Render Pipeline/Particles/SimpleLit' not found
Shader 'Universal Render Pipeline/Particles/Lit': fallback shader 'Universal Render Pipeline/Particles/SimpleLit' not found
Refreshing native plugins compatible for Editor in 1.41 ms, found 0 plugins.
Preloading 0 native plugins for Editor in 0.00 ms.
Unloading 2513 Unused Serialized files (Serialized files now loaded: 0)
System memory in use before: 121.0 MB.
System memory in use after: 118.7 MB.

Unloading 42 unused Assets to reduce memory usage. Loaded Objects now: 3099.
Total: 12.050561 ms (FindLiveObjects: 1.200539 ms CreateObjectMapping: 0.485040 ms MarkObjects: 6.472339 ms  DeleteObjects: 3.889049 ms)

========================================================================
Received Prepare
Registering precompiled user dll's ...
Registered in 0.003294 seconds.
Begin MonoManager ReloadAssembly
Native extension for WindowsStandalone target not found
Refreshing native plugins compatible for Editor in 1.92 ms, found 0 plugins.
Preloading 0 native plugins for Editor in 0.00 ms.
Invoked RoslynAnalysisRunner static constructor.
RoslynAnalysisRunner will not be running.
RoslynAnalysisRunner has terminated.
Mono: successfully reloaded assembly
- Completed reload, in  2.878 seconds
Platform modules already initialized, skipping
Shader 'Universal Render Pipeline/Particles/Lit': fallback shader 'Universal Render Pipeline/Particles/SimpleLit' not found
Shader 'Universal Render Pipeline/Particles/Lit': fallback shader 'Universal Render Pipeline/Particles/SimpleLit' not found
Refreshing native plugins compatible for Editor in 1.23 ms, found 0 plugins.
Preloading 0 native plugins for Editor in 0.00 ms.
Unloading 2513 Unused Serialized files (Serialized files now loaded: 0)
System memory in use before: 121.0 MB.
System memory in use after: 118.8 MB.

Unloading 42 unused Assets to reduce memory usage. Loaded Objects now: 3102.
Total: 20.191542 ms (FindLiveObjects: 2.828633 ms CreateObjectMapping: 0.857675 ms MarkObjects: 10.803828 ms  DeleteObjects: 5.694735 ms)

========================================================================
Received Prepare
Registering precompiled user dll's ...
Registered in 0.002842 seconds.
Begin MonoManager ReloadAssembly
Native extension for WindowsStandalone target not found
Refreshing native plugins compatible for Editor in 1.20 ms, found 0 plugins.
Preloading 0 native plugins for Editor in 0.00 ms.
Invoked RoslynAnalysisRunner static constructor.
RoslynAnalysisRunner will not be running.
RoslynAnalysisRunner has terminated.
Mono: successfully reloaded assembly
- Completed reload, in  2.850 seconds
Platform modules already initialized, skipping
Shader 'Universal Render Pipeline/Particles/Lit': fallback shader 'Universal Render Pipeline/Particles/SimpleLit' not found
Shader 'Universal Render Pipeline/Particles/Lit': fallback shader 'Universal Render Pipeline/Particles/SimpleLit' not found
Refreshing native plugins compatible for Editor in 1.22 ms, found 0 plugins.
Preloading 0 native plugins for Editor in 0.00 ms.
Unloading 2513 Unused Serialized files (Serialized files now loaded: 0)
System memory in use before: 121.0 MB.
System memory in use after: 118.8 MB.

Unloading 42 unused Assets to reduce memory usage. Loaded Objects now: 3105.
Total: 14.335641 ms (FindLiveObjects: 1.757438 ms CreateObjectMapping: 0.865887 ms MarkObjects: 7.672878 ms  DeleteObjects: 4.033278 ms)

========================================================================
Received Prepare
Registering precompiled user dll's ...
Registered in 0.002372 seconds.
Begin MonoManager ReloadAssembly
Native extension for WindowsStandalone target not found
Refreshing native plugins compatible for Editor in 1.22 ms, found 0 plugins.
Preloading 0 native plugins for Editor in 0.00 ms.
Invoked RoslynAnalysisRunner static constructor.
RoslynAnalysisRunner will not be running.
RoslynAnalysisRunner has terminated.
Mono: successfully reloaded assembly
- Completed reload, in  2.849 seconds
Platform modules already initialized, skipping
Shader 'Universal Render Pipeline/Particles/Lit': fallback shader 'Universal Render Pipeline/Particles/SimpleLit' not found
Shader 'Universal Render Pipeline/Particles/Lit': fallback shader 'Universal Render Pipeline/Particles/SimpleLit' not found
Refreshing native plugins compatible for Editor in 1.18 ms, found 0 plugins.
Preloading 0 native plugins for Editor in 0.00 ms.
Unloading 2513 Unused Serialized files (Serialized files now loaded: 0)
System memory in use before: 120.9 MB.
System memory in use after: 118.7 MB.

Unloading 42 unused Assets to reduce memory usage. Loaded Objects now: 3108.
Total: 12.094702 ms (FindLiveObjects: 1.694305 ms CreateObjectMapping: 0.869480 ms MarkObjects: 5.617231 ms  DeleteObjects: 3.908554 ms)

========================================================================
Received Import Request.
  Time since last request: 857.157686 seconds.
  path: ProjectSettings/TagManager.asset
  artifactKey: Guid(00000000000000003000000000000000) Importer(815301076,1909f56bfc062723c751e8b465ee728b)
Start importing ProjectSettings/TagManager.asset using Guid(00000000000000003000000000000000) Importer(815301076,1909f56bfc062723c751e8b465ee728b)  -> (artifact id: '546d0fceb60ad195511e804263b74fdb') in 0.056341 seconds
  Import took 0.088384 seconds .

========================================================================
Received Import Request.
  Time since last request: 19.009046 seconds.
  path: Assets/Prefabs/Player/Player Projectile.prefab
  artifactKey: Guid(8c520f4fcb63ecd4e9d942d4cb7f68af) Importer(815301076,1909f56bfc062723c751e8b465ee728b)
Start importing Assets/Prefabs/Player/Player Projectile.prefab using Guid(8c520f4fcb63ecd4e9d942d4cb7f68af) Importer(815301076,1909f56bfc062723c751e8b465ee728b)  -> (artifact id: '39ebe807347241c463946d8d1ba7dd08') in 0.513771 seconds
  Import took 0.568908 seconds .

========================================================================
Received Import Request.
  Time since last request: 0.088169 seconds.
  path: Assets/Prefabs/Player/Player Projectile.prefab
  artifactKey: Guid(8c520f4fcb63ecd4e9d942d4cb7f68af) Importer(815301076,1909f56bfc062723c751e8b465ee728b)
Start importing Assets/Prefabs/Player/Player Projectile.prefab using Guid(8c520f4fcb63ecd4e9d942d4cb7f68af) Importer(815301076,1909f56bfc062723c751e8b465ee728b)  -> (artifact id: '39ebe807347241c463946d8d1ba7dd08') in 0.034899 seconds
  Import took 0.070885 seconds .

========================================================================
Received Import Request.
  Time since last request: 3.626937 seconds.
  path: Assets/Prefabs/Player/Player.prefab
  artifactKey: Guid(92bb69d3da7942949b9d52c917de4283) Importer(815301076,1909f56bfc062723c751e8b465ee728b)
Start importing Assets/Prefabs/Player/Player.prefab using Guid(92bb69d3da7942949b9d52c917de4283) Importer(815301076,1909f56bfc062723c751e8b465ee728b)  -> (artifact id: '3f38eb64c9192833d9c2c1af5648607b') in 1.088546 seconds
  Import took 1.125499 seconds .

========================================================================
Received Prepare
Registering precompiled user dll's ...
Registered in 0.003332 seconds.
Begin MonoManager ReloadAssembly
Native extension for WindowsStandalone target not found
Refreshing native plugins compatible for Editor in 1.21 ms, found 0 plugins.
Preloading 0 native plugins for Editor in 0.00 ms.
Invoked RoslynAnalysisRunner static constructor.
RoslynAnalysisRunner will not be running.
RoslynAnalysisRunner has terminated.
Mono: successfully reloaded assembly
- Completed reload, in  2.805 seconds
Platform modules already initialized, skipping
Shader 'Universal Render Pipeline/Particles/Lit': fallback shader 'Universal Render Pipeline/Particles/SimpleLit' not found
Shader 'Universal Render Pipeline/Particles/Lit': fallback shader 'Universal Render Pipeline/Particles/SimpleLit' not found
Refreshing native plugins compatible for Editor in 1.29 ms, found 0 plugins.
Preloading 0 native plugins for Editor in 0.00 ms.
Unloading 2513 Unused Serialized files (Serialized files now loaded: 0)
System memory in use before: 135.3 MB.
System memory in use after: 133.1 MB.

Unloading 43 unused Assets to reduce memory usage. Loaded Objects now: 3148.
Total: 11.178002 ms (FindLiveObjects: 1.041939 ms CreateObjectMapping: 0.472209 ms MarkObjects: 5.854362 ms  DeleteObjects: 3.806413 ms)

========================================================================
Received Prepare
Registering precompiled user dll's ...
Registered in 0.002416 seconds.
Begin MonoManager ReloadAssembly
Native extension for WindowsStandalone target not found
Refreshing native plugins compatible for Editor in 1.21 ms, found 0 plugins.
Preloading 0 native plugins for Editor in 0.00 ms.
Invoked RoslynAnalysisRunner static constructor.
RoslynAnalysisRunner will not be running.
RoslynAnalysisRunner has terminated.
Mono: successfully reloaded assembly
- Completed reload, in  2.813 seconds
Platform modules already initialized, skipping
Shader 'Universal Render Pipeline/Particles/Lit': fallback shader 'Universal Render Pipeline/Particles/SimpleLit' not found
Shader 'Universal Render Pipeline/Particles/Lit': fallback shader 'Universal Render Pipeline/Particles/SimpleLit' not found
Refreshing native plugins compatible for Editor in 1.18 ms, found 0 plugins.
Preloading 0 native plugins for Editor in 0.00 ms.
Unloading 2513 Unused Serialized files (Serialized files now loaded: 0)
System memory in use before: 135.3 MB.
System memory in use after: 133.1 MB.

Unloading 42 unused Assets to reduce memory usage. Loaded Objects now: 3151.
Total: 11.024534 ms (FindLiveObjects: 1.006010 ms CreateObjectMapping: 0.467076 ms MarkObjects: 5.740416 ms  DeleteObjects: 3.807439 ms)

========================================================================
Received Prepare
Registering precompiled user dll's ...
Registered in 0.002574 seconds.
Begin MonoManager ReloadAssembly
Native extension for WindowsStandalone target not found
Refreshing native plugins compatible for Editor in 1.21 ms, found 0 plugins.
Preloading 0 native plugins for Editor in 0.00 ms.
Invoked RoslynAnalysisRunner static constructor.
RoslynAnalysisRunner will not be running.
RoslynAnalysisRunner has terminated.
Mono: successfully reloaded assembly
- Completed reload, in  2.744 seconds
Platform modules already initialized, skipping
Shader 'Universal Render Pipeline/Particles/Lit': fallback shader 'Universal Render Pipeline/Particles/SimpleLit' not found
Shader 'Universal Render Pipeline/Particles/Lit': fallback shader 'Universal Render Pipeline/Particles/SimpleLit' not found
Refreshing native plugins compatible for Editor in 1.34 ms, found 0 plugins.
Preloading 0 native plugins for Editor in 0.00 ms.
Unloading 2513 Unused Serialized files (Serialized files now loaded: 0)
System memory in use before: 135.3 MB.
System memory in use after: 133.1 MB.

Unloading 42 unused Assets to reduce memory usage. Loaded Objects now: 3154.
Total: 13.374799 ms (FindLiveObjects: 1.110204 ms CreateObjectMapping: 0.503518 ms MarkObjects: 7.869974 ms  DeleteObjects: 3.887510 ms)

========================================================================
Received Prepare
Registering precompiled user dll's ...
Registered in 0.005237 seconds.
Begin MonoManager ReloadAssembly
Native extension for WindowsStandalone target not found
Refreshing native plugins compatible for Editor in 1.26 ms, found 0 plugins.
Preloading 0 native plugins for Editor in 0.00 ms.
Invoked RoslynAnalysisRunner static constructor.
RoslynAnalysisRunner will not be running.
RoslynAnalysisRunner has terminated.
Mono: successfully reloaded assembly
- Completed reload, in  3.012 seconds
Platform modules already initialized, skipping
Shader 'Universal Render Pipeline/Particles/Lit': fallback shader 'Universal Render Pipeline/Particles/SimpleLit' not found
Shader 'Universal Render Pipeline/Particles/Lit': fallback shader 'Universal Render Pipeline/Particles/SimpleLit' not found
Refreshing native plugins compatible for Editor in 1.55 ms, found 0 plugins.
Preloading 0 native plugins for Editor in 0.00 ms.
Unloading 2513 Unused Serialized files (Serialized files now loaded: 0)
System memory in use before: 135.3 MB.
System memory in use after: 133.1 MB.

Unloading 42 unused Assets to reduce memory usage. Loaded Objects now: 3157.
Total: 11.212904 ms (FindLiveObjects: 1.013196 ms CreateObjectMapping: 0.468616 ms MarkObjects: 5.765566 ms  DeleteObjects: 3.961934 ms)

========================================================================
Received Prepare
Registering precompiled user dll's ...
Registered in 0.002444 seconds.
Begin MonoManager ReloadAssembly
Native extension for WindowsStandalone target not found
Refreshing native plugins compatible for Editor in 1.34 ms, found 0 plugins.
Preloading 0 native plugins for Editor in 0.00 ms.
Invoked RoslynAnalysisRunner static constructor.
RoslynAnalysisRunner will not be running.
RoslynAnalysisRunner has terminated.
Mono: successfully reloaded assembly
- Completed reload, in  2.809 seconds
Platform modules already initialized, skipping
Shader 'Universal Render Pipeline/Particles/Lit': fallback shader 'Universal Render Pipeline/Particles/SimpleLit' not found
Shader 'Universal Render Pipeline/Particles/Lit': fallback shader 'Universal Render Pipeline/Particles/SimpleLit' not found
Refreshing native plugins compatible for Editor in 1.33 ms, found 0 plugins.
Preloading 0 native plugins for Editor in 0.00 ms.
Unloading 2513 Unused Serialized files (Serialized files now loaded: 0)
System memory in use before: 135.2 MB.
System memory in use after: 133.0 MB.

Unloading 42 unused Assets to reduce memory usage. Loaded Objects now: 3160.
Total: 12.896944 ms (FindLiveObjects: 1.478219 ms CreateObjectMapping: 0.469642 ms MarkObjects: 5.912874 ms  DeleteObjects: 5.032616 ms)

========================================================================
Received Prepare
Registering precompiled user dll's ...
Registered in 0.004260 seconds.
Begin MonoManager ReloadAssembly
Native extension for WindowsStandalone target not found
Refreshing native plugins compatible for Editor in 1.25 ms, found 0 plugins.
Preloading 0 native plugins for Editor in 0.00 ms.
Invoked RoslynAnalysisRunner static constructor.
RoslynAnalysisRunner will not be running.
RoslynAnalysisRunner has terminated.
Mono: successfully reloaded assembly
- Completed reload, in  2.829 seconds
Platform modules already initialized, skipping
Shader 'Universal Render Pipeline/Particles/Lit': fallback shader 'Universal Render Pipeline/Particles/SimpleLit' not found
Shader 'Universal Render Pipeline/Particles/Lit': fallback shader 'Universal Render Pipeline/Particles/SimpleLit' not found
Refreshing native plugins compatible for Editor in 1.18 ms, found 0 plugins.
Preloading 0 native plugins for Editor in 0.00 ms.
Unloading 2513 Unused Serialized files (Serialized files now loaded: 0)
System memory in use before: 135.3 MB.
System memory in use after: 133.1 MB.

Unloading 42 unused Assets to reduce memory usage. Loaded Objects now: 3163.
Total: 11.582972 ms (FindLiveObjects: 1.006523 ms CreateObjectMapping: 0.472722 ms MarkObjects: 6.242394 ms  DeleteObjects: 3.856200 ms)

========================================================================
Received Prepare
Registering precompiled user dll's ...
Registered in 0.002702 seconds.
Begin MonoManager ReloadAssembly
Native extension for WindowsStandalone target not found
Refreshing native plugins compatible for Editor in 1.33 ms, found 0 plugins.
Preloading 0 native plugins for Editor in 0.00 ms.
Invoked RoslynAnalysisRunner static constructor.
RoslynAnalysisRunner will not be running.
RoslynAnalysisRunner has terminated.
Mono: successfully reloaded assembly
- Completed reload, in  3.007 seconds
Platform modules already initialized, skipping
Shader 'Universal Render Pipeline/Particles/Lit': fallback shader 'Universal Render Pipeline/Particles/SimpleLit' not found
Shader 'Universal Render Pipeline/Particles/Lit': fallback shader 'Universal Render Pipeline/Particles/SimpleLit' not found
Refreshing native plugins compatible for Editor in 1.31 ms, found 0 plugins.
Preloading 0 native plugins for Editor in 0.00 ms.
Unloading 2513 Unused Serialized files (Serialized files now loaded: 0)
System memory in use before: 135.3 MB.
System memory in use after: 133.1 MB.

Unloading 42 unused Assets to reduce memory usage. Loaded Objects now: 3166.
Total: 13.292162 ms (FindLiveObjects: 1.134841 ms CreateObjectMapping: 0.671871 ms MarkObjects: 7.148829 ms  DeleteObjects: 4.332515 ms)

AssetImportWorkerClient::OnTransportError - code=2 error=End of file
