Using pre-set license
Built from '2020.3/staging' branch; Version is '2020.3.0f1 (c7b5465681fb) revision 13088070'; Using compiler version '192528614'; Build Type 'Release'
OS: 'Windows 7  (6.1.0) 64bit' Language: 'en' Physical Memory: 5882 MB
BatchMode: 1, IsHumanControllingUs: 0, StartBugReporterOnCrash: 0, Is64bit: 1, IsPro: 0

 COMMAND LINE ARGUMENTS:
C:\Program Files\Unity\unity 2020\Unity\Editor\Unity.exe
-adb2
-batchMode
-noUpm
-name
AssetImportWorker3
-projectPath
C:/Users/rasoul/Documents/UnityProjects/battleMagicGround/battleMagicGround
-logFile
Logs/AssetImportWorker3.log
-srvPort
49204
Successfully changed project path to: C:/Users/rasoul/Documents/UnityProjects/battleMagicGround/battleMagicGround
C:/Users/rasoul/Documents/UnityProjects/battleMagicGround/battleMagicGround
Using Asset Import Pipeline V2.
Refreshing native plugins compatible for Editor in 132.84 ms, found 0 plugins.
Preloading 0 native plugins for Editor in 0.00 ms.
Initialize engine version: 2020.3.0f1 (c7b5465681fb)
[Subsystems] Discovering subsystems at path C:/Program Files/Unity/unity 2020/Unity/Editor/Data/Resources/UnitySubsystems
[Subsystems] Discovering subsystems at path C:/Users/rasoul/Documents/UnityProjects/battleMagicGround/battleMagicGround/Assets
GfxDevice: creating device client; threaded=0
d3d11: CreateDXGIFactory2(...) not found, fallbacking to CreateDXGIFactory1(...).
d3d11: QueryInterface(IDXGIFactory5) failed (80004002).
Direct3D:
    Version:  Direct3D 11.0 [level 11.0]
    Renderer: ATI Mobility Radeon HD 5650 (ID=0x68c1)
    Vendor:   
    VRAM:     1012 MB
    Driver:   8.712.1.2000
Initialize mono
Mono path[0] = 'C:/Program Files/Unity/unity 2020/Unity/Editor/Data/Managed'
Mono path[1] = 'C:/Program Files/Unity/unity 2020/Unity/Editor/Data/MonoBleedingEdge/lib/mono/unityjit'
Mono config path = 'C:/Program Files/Unity/unity 2020/Unity/Editor/Data/MonoBleedingEdge/etc'
Using monoOptions --debugger-agent=transport=dt_socket,embedding=1,server=y,suspend=n,address=127.0.0.1:56404
Begin MonoManager ReloadAssembly
Registering precompiled unity dll's ...
Register platform support module: C:/Program Files/Unity/unity 2020/Unity/Editor/Data/PlaybackEngines/WindowsStandaloneSupport/UnityEditor.WindowsStandalone.Extensions.dll
Registered in 0.045084 seconds.
Native extension for WindowsStandalone target not found
Refreshing native plugins compatible for Editor in 152.97 ms, found 0 plugins.
Preloading 0 native plugins for Editor in 0.00 ms.
Invoked RoslynAnalysisRunner static constructor.
RoslynAnalysisRunner will not be running.
RoslynAnalysisRunner has terminated.
Mono: successfully reloaded assembly
- Completed reload, in 21.973 seconds
Platform modules already initialized, skipping
Registering precompiled user dll's ...
Registered in 0.002665 seconds.
